Funct:     2, robid:   0, Runtime:         99
Funct:     6, robid:  16, Runtime:         17
Funct:     4, robid:  17, Runtime:         32
Funct:     6, robid:  16, Runtime:         17
Funct:     5, robid:  17, Runtime:         32
Funct:     6, robid:  16, Runtime:         17
Funct:     5, robid:  17, Runtime:         32
Funct:     5, robid:  17, Runtime:         33
Funct:     6, robid:  16, Runtime:         85
Funct:     3, robid:  32, Runtime:         23
Funct:     6, robid:  16, Runtime:         17
Funct:     4, robid:  17, Runtime:         32
Funct:     6, robid:  16, Runtime:         17
Funct:     5, robid:  17, Runtime:         32
Funct:     6, robid:  16, Runtime:         17
Funct:     5, robid:  17, Runtime:         32
Funct:     5, robid:  17, Runtime:         33
Funct:     6, robid:  16, Runtime:         85
Funct:     3, robid:  32, Runtime:         23
Funct:     6, robid:  16, Runtime:         17
Funct:     4, robid:  17, Runtime:         32
Funct:     6, robid:  16, Runtime:         17
Funct:     5, robid:  17, Runtime:         32
Funct:     6, robid:  16, Runtime:         17
Funct:     5, robid:  17, Runtime:         32
Funct:     5, robid:  17, Runtime:         33
Funct:     6, robid:  16, Runtime:         85
Funct:     3, robid:  32, Runtime:         23
Funct:     6, robid:  16, Runtime:         17
Funct:     4, robid:  17, Runtime:         32
Funct:     6, robid:  16, Runtime:         17
Funct:     5, robid:  17, Runtime:         32
Funct:     6, robid:  16, Runtime:         17
Funct:     5, robid:  17, Runtime:         32
Funct:     5, robid:  17, Runtime:         33
Funct:     6, robid:  16, Runtime:         85
Funct:     3, robid:  32, Runtime:         23
Funct:     2, robid:   0, Runtime:         99
Funct:     6, robid:  16, Runtime:         17
Funct:     4, robid:  17, Runtime:         32
Funct:     6, robid:  16, Runtime:         17
Funct:     5, robid:  17, Runtime:         32
Funct:     6, robid:  16, Runtime:         17
Funct:     5, robid:  17, Runtime:         32
Funct:     5, robid:  17, Runtime:         33
Funct:     6, robid:  16, Runtime:         85
Funct:     3, robid:  32, Runtime:         23
Funct:     6, robid:  16, Runtime:         17
Funct:     4, robid:  17, Runtime:         32
Funct:     6, robid:  16, Runtime:         17
Funct:     5, robid:  17, Runtime:         32
Funct:     6, robid:  16, Runtime:         17
Funct:     5, robid:  17, Runtime:         32
Funct:     5, robid:  17, Runtime:         33
Funct:     6, robid:  16, Runtime:         85
Funct:     3, robid:  32, Runtime:         23
Funct:     6, robid:  16, Runtime:         17
Funct:     4, robid:  17, Runtime:         32
Funct:     6, robid:  16, Runtime:         17
Funct:     5, robid:  17, Runtime:         32
Funct:     6, robid:  16, Runtime:         17
Funct:     5, robid:  17, Runtime:         32
Funct:     5, robid:  17, Runtime:         33
Funct:     6, robid:  16, Runtime:         85
Funct:     3, robid:  32, Runtime:         23
Funct:     6, robid:  16, Runtime:         17
Funct:     4, robid:  17, Runtime:         32
Funct:     6, robid:  16, Runtime:         17
Funct:     5, robid:  17, Runtime:         32
Funct:     6, robid:  16, Runtime:         17
Funct:     5, robid:  17, Runtime:         32
Funct:     5, robid:  17, Runtime:         33
Funct:     6, robid:  16, Runtime:         85
Funct:     3, robid:  32, Runtime:         23
Funct:     2, robid:   0, Runtime:        107
Funct:     6, robid:  16, Runtime:         17
Funct:     4, robid:  17, Runtime:         32
Funct:     6, robid:  16, Runtime:         17
Funct:     5, robid:  17, Runtime:         32
Funct:     6, robid:  16, Runtime:         17
Funct:     5, robid:  17, Runtime:         32
Funct:     5, robid:  17, Runtime:         33
Funct:     6, robid:  16, Runtime:         85
Funct:     3, robid:  32, Runtime:         23
Funct:     6, robid:  16, Runtime:         17
Funct:     4, robid:  17, Runtime:         32
Funct:     6, robid:  16, Runtime:         17
Funct:     5, robid:  17, Runtime:         32
Funct:     6, robid:  16, Runtime:         17
Funct:     5, robid:  17, Runtime:         32
Funct:     5, robid:  17, Runtime:         33
Funct:     6, robid:  16, Runtime:         85
Funct:     3, robid:  32, Runtime:         23
Funct:     6, robid:  16, Runtime:         17
Funct:     4, robid:  17, Runtime:         32
Funct:     6, robid:  16, Runtime:         17
Funct:     5, robid:  17, Runtime:         32
Funct:     6, robid:  16, Runtime:         17
Funct:     5, robid:  17, Runtime:         32
Funct:     5, robid:  17, Runtime:         33
Funct:     6, robid:  16, Runtime:         85
Funct:     3, robid:  32, Runtime:         23
Funct:     6, robid:  16, Runtime:         17
Funct:     4, robid:  17, Runtime:         32
Funct:     6, robid:  16, Runtime:         17
Funct:     5, robid:  17, Runtime:         32
Funct:     6, robid:  16, Runtime:         17
Funct:     5, robid:  17, Runtime:         32
Funct:     5, robid:  17, Runtime:         33
Funct:     6, robid:  16, Runtime:         85
Funct:     3, robid:  32, Runtime:         23
Funct:     2, robid:   0, Runtime:        158
Funct:     6, robid:  16, Runtime:         17
Funct:     4, robid:  17, Runtime:         32
Funct:     6, robid:  16, Runtime:         17
Funct:     5, robid:  17, Runtime:         32
Funct:     6, robid:  16, Runtime:         17
Funct:     5, robid:  17, Runtime:         32
Funct:     5, robid:  17, Runtime:         33
Funct:     6, robid:  16, Runtime:         85
Funct:     3, robid:  32, Runtime:         23
Funct:     6, robid:  16, Runtime:         17
Funct:     4, robid:  17, Runtime:         32
Funct:     6, robid:  16, Runtime:         17
Funct:     5, robid:  17, Runtime:         32
Funct:     6, robid:  16, Runtime:         17
Funct:     5, robid:  17, Runtime:         32
Funct:     5, robid:  17, Runtime:         33
Funct:     6, robid:  16, Runtime:         85
Funct:     3, robid:  32, Runtime:         23
Funct:     6, robid:  16, Runtime:         17
Funct:     4, robid:  17, Runtime:         32
Funct:     6, robid:  16, Runtime:         17
Funct:     5, robid:  17, Runtime:         32
Funct:     6, robid:  16, Runtime:         17
Funct:     5, robid:  17, Runtime:         32
Funct:     5, robid:  17, Runtime:         33
Funct:     6, robid:  16, Runtime:         85
Funct:     3, robid:  32, Runtime:         23
Funct:     6, robid:  16, Runtime:         17
Funct:     4, robid:  17, Runtime:         32
Funct:     6, robid:  16, Runtime:         17
Funct:     5, robid:  17, Runtime:         32
Funct:     6, robid:  16, Runtime:         17
Funct:     5, robid:  17, Runtime:         32
Funct:     5, robid:  17, Runtime:         33
Funct:     6, robid:  16, Runtime:         85
Funct:     3, robid:  32, Runtime:         23
Funct:     2, robid:   0, Runtime:         99
Funct:     6, robid:  16, Runtime:         17
Funct:     4, robid:  17, Runtime:         32
Funct:     6, robid:  16, Runtime:         17
Funct:     5, robid:  17, Runtime:         32
Funct:     6, robid:  16, Runtime:         17
Funct:     5, robid:  17, Runtime:         32
Funct:     5, robid:  17, Runtime:         33
Funct:     6, robid:  16, Runtime:         85
Funct:     3, robid:  32, Runtime:         23
Funct:     6, robid:  16, Runtime:         17
Funct:     4, robid:  17, Runtime:         32
Funct:     6, robid:  16, Runtime:         17
Funct:     5, robid:  17, Runtime:         32
Funct:     6, robid:  16, Runtime:         17
Funct:     5, robid:  17, Runtime:         32
Funct:     5, robid:  17, Runtime:         33
Funct:     6, robid:  16, Runtime:         85
Funct:     3, robid:  32, Runtime:         23
Funct:     6, robid:  16, Runtime:         17
Funct:     4, robid:  17, Runtime:         32
Funct:     6, robid:  16, Runtime:         17
Funct:     5, robid:  17, Runtime:         32
Funct:     6, robid:  16, Runtime:         17
Funct:     5, robid:  17, Runtime:         32
Funct:     5, robid:  17, Runtime:         33
Funct:     6, robid:  16, Runtime:         85
Funct:     3, robid:  32, Runtime:         23
Funct:     6, robid:  16, Runtime:         17
Funct:     4, robid:  17, Runtime:         32
Funct:     6, robid:  16, Runtime:         17
Funct:     5, robid:  17, Runtime:         32
Funct:     6, robid:  16, Runtime:         17
Funct:     5, robid:  17, Runtime:         32
Funct:     5, robid:  17, Runtime:         33
Funct:     6, robid:  16, Runtime:         85
Funct:     3, robid:  32, Runtime:         23
Funct:     2, robid:   0, Runtime:         99
Funct:     6, robid:  16, Runtime:         17
Funct:     4, robid:  17, Runtime:         32
Funct:     6, robid:  16, Runtime:         17
Funct:     5, robid:  17, Runtime:         32
Funct:     6, robid:  16, Runtime:         17
Funct:     5, robid:  17, Runtime:         32
Funct:     5, robid:  17, Runtime:         33
Funct:     6, robid:  16, Runtime:         85
Funct:     3, robid:  32, Runtime:         23
Funct:     6, robid:  16, Runtime:         17
Funct:     4, robid:  17, Runtime:         32
Funct:     6, robid:  16, Runtime:         17
Funct:     5, robid:  17, Runtime:         32
Funct:     6, robid:  16, Runtime:         17
Funct:     5, robid:  17, Runtime:         32
Funct:     5, robid:  17, Runtime:         33
Funct:     6, robid:  16, Runtime:         85
Funct:     3, robid:  32, Runtime:         23
Funct:     6, robid:  16, Runtime:         17
Funct:     4, robid:  17, Runtime:         32
Funct:     6, robid:  16, Runtime:         17
Funct:     5, robid:  17, Runtime:         32
Funct:     6, robid:  16, Runtime:         17
Funct:     5, robid:  17, Runtime:         32
Funct:     5, robid:  17, Runtime:         33
Funct:     6, robid:  16, Runtime:         85
Funct:     3, robid:  32, Runtime:         23
Funct:     6, robid:  16, Runtime:         17
Funct:     4, robid:  17, Runtime:         32
Funct:     6, robid:  16, Runtime:         17
Funct:     5, robid:  17, Runtime:         32
Funct:     6, robid:  16, Runtime:         17
Funct:     5, robid:  17, Runtime:         32
Funct:     5, robid:  17, Runtime:         33
Funct:     6, robid:  16, Runtime:         85
Funct:     3, robid:  32, Runtime:         23
Funct:     2, robid:   0, Runtime:         99
Funct:     6, robid:  16, Runtime:         17
Funct:     4, robid:  17, Runtime:         32
Funct:     6, robid:  16, Runtime:         17
Funct:     5, robid:  17, Runtime:         32
Funct:     6, robid:  16, Runtime:         17
Funct:     5, robid:  17, Runtime:         32
Funct:     5, robid:  17, Runtime:         33
Funct:     6, robid:  16, Runtime:         85
Funct:     3, robid:  32, Runtime:         23
Funct:     6, robid:  16, Runtime:         17
Funct:     4, robid:  17, Runtime:         32
Funct:     6, robid:  16, Runtime:         17
Funct:     5, robid:  17, Runtime:         32
Funct:     6, robid:  16, Runtime:         17
Funct:     5, robid:  17, Runtime:         32
Funct:     5, robid:  17, Runtime:         33
Funct:     6, robid:  16, Runtime:         85
Funct:     3, robid:  32, Runtime:         23
Funct:     6, robid:  16, Runtime:         17
Funct:     4, robid:  17, Runtime:         32
Funct:     6, robid:  16, Runtime:         17
Funct:     5, robid:  17, Runtime:         32
Funct:     6, robid:  16, Runtime:         17
Funct:     5, robid:  17, Runtime:         32
Funct:     5, robid:  17, Runtime:         33
Funct:     6, robid:  16, Runtime:         85
Funct:     3, robid:  32, Runtime:         23
Funct:     6, robid:  16, Runtime:         17
Funct:     4, robid:  17, Runtime:         32
Funct:     6, robid:  16, Runtime:         17
Funct:     5, robid:  17, Runtime:         32
Funct:     6, robid:  16, Runtime:         17
Funct:     5, robid:  17, Runtime:         32
Funct:     5, robid:  17, Runtime:         33
Funct:     6, robid:  16, Runtime:         85
Funct:     3, robid:  32, Runtime:         23
Funct:     2, robid:   0, Runtime:        109
Funct:     6, robid:  16, Runtime:         17
Funct:     4, robid:  17, Runtime:         32
Funct:     6, robid:  16, Runtime:         17
Funct:     5, robid:  17, Runtime:         32
Funct:     6, robid:  16, Runtime:         17
Funct:     5, robid:  17, Runtime:         32
Funct:     5, robid:  17, Runtime:         33
Funct:     6, robid:  16, Runtime:         85
Funct:     3, robid:  32, Runtime:         23
Funct:     6, robid:  16, Runtime:         17
Funct:     4, robid:  17, Runtime:         32
Funct:     6, robid:  16, Runtime:         17
Funct:     5, robid:  17, Runtime:         32
Funct:     6, robid:  16, Runtime:         17
Funct:     5, robid:  17, Runtime:         32
Funct:     5, robid:  17, Runtime:         33
Funct:     6, robid:  16, Runtime:         85
Funct:     3, robid:  32, Runtime:         23
Funct:     6, robid:  16, Runtime:         17
Funct:     4, robid:  17, Runtime:         32
Funct:     6, robid:  16, Runtime:         17
Funct:     5, robid:  17, Runtime:         32
Funct:     6, robid:  16, Runtime:         17
Funct:     5, robid:  17, Runtime:         32
Funct:     5, robid:  17, Runtime:         33
Funct:     6, robid:  16, Runtime:         85
Funct:     3, robid:  32, Runtime:         23
Funct:     6, robid:  16, Runtime:         17
Funct:     4, robid:  17, Runtime:         32
Funct:     6, robid:  16, Runtime:         17
Funct:     5, robid:  17, Runtime:         32
Funct:     6, robid:  16, Runtime:         17
Funct:     5, robid:  17, Runtime:         32
Funct:     5, robid:  17, Runtime:         33
Funct:     6, robid:  16, Runtime:         85
Funct:     3, robid:  32, Runtime:         23
Funct:     2, robid:   0, Runtime:        116
Funct:     6, robid:  16, Runtime:         17
Funct:     4, robid:  17, Runtime:         32
Funct:     6, robid:  16, Runtime:         17
Funct:     5, robid:  17, Runtime:         32
Funct:     6, robid:  16, Runtime:         17
Funct:     5, robid:  17, Runtime:         32
Funct:     5, robid:  17, Runtime:         33
Funct:     6, robid:  16, Runtime:         85
Funct:     3, robid:  32, Runtime:         23
Funct:     6, robid:  16, Runtime:         17
Funct:     4, robid:  17, Runtime:         32
Funct:     6, robid:  16, Runtime:         17
Funct:     5, robid:  17, Runtime:         32
Funct:     6, robid:  16, Runtime:         17
Funct:     5, robid:  17, Runtime:         32
Funct:     5, robid:  17, Runtime:         33
Funct:     6, robid:  16, Runtime:         85
Funct:     3, robid:  32, Runtime:         23
Funct:     6, robid:  16, Runtime:         17
Funct:     4, robid:  17, Runtime:         32
Funct:     6, robid:  16, Runtime:         17
Funct:     5, robid:  17, Runtime:         32
Funct:     6, robid:  16, Runtime:         17
Funct:     5, robid:  17, Runtime:         32
Funct:     5, robid:  17, Runtime:         33
Funct:     6, robid:  16, Runtime:         85
Funct:     3, robid:  32, Runtime:         23
Funct:     6, robid:  16, Runtime:         17
Funct:     4, robid:  17, Runtime:         32
Funct:     6, robid:  16, Runtime:         17
Funct:     5, robid:  17, Runtime:         32
Funct:     6, robid:  16, Runtime:         17
Funct:     5, robid:  17, Runtime:         32
Funct:     5, robid:  17, Runtime:         33
Funct:     6, robid:  16, Runtime:         85
Funct:     3, robid:  32, Runtime:         23
Funct:     2, robid:   0, Runtime:        113
Funct:     6, robid:  16, Runtime:         17
Funct:     4, robid:  17, Runtime:         32
Funct:     6, robid:  16, Runtime:         17
Funct:     5, robid:  17, Runtime:         32
Funct:     6, robid:  16, Runtime:         17
Funct:     5, robid:  17, Runtime:         32
Funct:     5, robid:  17, Runtime:         33
Funct:     6, robid:  16, Runtime:         85
Funct:     3, robid:  32, Runtime:         23
Funct:     6, robid:  16, Runtime:         17
Funct:     4, robid:  17, Runtime:         32
Funct:     6, robid:  16, Runtime:         17
Funct:     5, robid:  17, Runtime:         32
Funct:     6, robid:  16, Runtime:         17
Funct:     5, robid:  17, Runtime:         32
Funct:     5, robid:  17, Runtime:         33
Funct:     6, robid:  16, Runtime:         85
Funct:     3, robid:  32, Runtime:         23
Funct:     6, robid:  16, Runtime:         17
Funct:     4, robid:  17, Runtime:         32
Funct:     6, robid:  16, Runtime:         17
Funct:     5, robid:  17, Runtime:         32
Funct:     6, robid:  16, Runtime:         17
Funct:     5, robid:  17, Runtime:         32
Funct:     5, robid:  17, Runtime:         33
Funct:     6, robid:  16, Runtime:         85
Funct:     3, robid:  32, Runtime:         23
Funct:     6, robid:  16, Runtime:         17
Funct:     4, robid:  17, Runtime:         32
Funct:     6, robid:  16, Runtime:         17
Funct:     5, robid:  17, Runtime:         32
Funct:     6, robid:  16, Runtime:         17
Funct:     5, robid:  17, Runtime:         32
Funct:     5, robid:  17, Runtime:         33
Funct:     6, robid:  16, Runtime:         85
Funct:     3, robid:  32, Runtime:         23
Funct:     2, robid:   0, Runtime:        116
Funct:     6, robid:  16, Runtime:         17
Funct:     4, robid:  17, Runtime:         32
Funct:     6, robid:  16, Runtime:         17
Funct:     5, robid:  17, Runtime:         32
Funct:     6, robid:  16, Runtime:         17
Funct:     5, robid:  17, Runtime:         32
Funct:     5, robid:  17, Runtime:         33
Funct:     6, robid:  16, Runtime:         85
Funct:     3, robid:  32, Runtime:         23
Funct:     6, robid:  16, Runtime:         17
Funct:     4, robid:  17, Runtime:         32
Funct:     6, robid:  16, Runtime:         17
Funct:     5, robid:  17, Runtime:         32
Funct:     6, robid:  16, Runtime:         17
Funct:     5, robid:  17, Runtime:         32
Funct:     5, robid:  17, Runtime:         33
Funct:     6, robid:  16, Runtime:         85
Funct:     3, robid:  32, Runtime:         23
Funct:     6, robid:  16, Runtime:         17
Funct:     4, robid:  17, Runtime:         32
Funct:     6, robid:  16, Runtime:         17
Funct:     5, robid:  17, Runtime:         32
Funct:     6, robid:  16, Runtime:         17
Funct:     5, robid:  17, Runtime:         32
Funct:     5, robid:  17, Runtime:         33
Funct:     6, robid:  16, Runtime:         85
Funct:     3, robid:  32, Runtime:         23
Funct:     6, robid:  16, Runtime:         17
Funct:     4, robid:  17, Runtime:         32
Funct:     6, robid:  16, Runtime:         17
Funct:     5, robid:  17, Runtime:         32
Funct:     6, robid:  16, Runtime:         17
Funct:     5, robid:  17, Runtime:         32
Funct:     5, robid:  17, Runtime:         33
Funct:     6, robid:  16, Runtime:         85
Funct:     3, robid:  32, Runtime:         23
Funct:     2, robid:   0, Runtime:        106
Funct:     6, robid:  16, Runtime:         17
Funct:     4, robid:  17, Runtime:         32
Funct:     6, robid:  16, Runtime:         17
Funct:     5, robid:  17, Runtime:         32
Funct:     6, robid:  16, Runtime:         17
Funct:     5, robid:  17, Runtime:         32
Funct:     5, robid:  17, Runtime:         33
Funct:     6, robid:  16, Runtime:         85
Funct:     3, robid:  32, Runtime:         23
Funct:     6, robid:  16, Runtime:         17
Funct:     4, robid:  17, Runtime:         32
Funct:     6, robid:  16, Runtime:         17
Funct:     5, robid:  17, Runtime:         32
Funct:     6, robid:  16, Runtime:         17
Funct:     5, robid:  17, Runtime:         32
Funct:     5, robid:  17, Runtime:         33
Funct:     6, robid:  16, Runtime:         85
Funct:     3, robid:  32, Runtime:         23
Funct:     6, robid:  16, Runtime:         17
Funct:     4, robid:  17, Runtime:         32
Funct:     6, robid:  16, Runtime:         17
Funct:     5, robid:  17, Runtime:         32
Funct:     6, robid:  16, Runtime:         17
Funct:     5, robid:  17, Runtime:         32
Funct:     5, robid:  17, Runtime:         33
Funct:     6, robid:  16, Runtime:         85
Funct:     3, robid:  32, Runtime:         23
Funct:     6, robid:  16, Runtime:         17
Funct:     4, robid:  17, Runtime:         32
Funct:     6, robid:  16, Runtime:         17
Funct:     5, robid:  17, Runtime:         32
Funct:     6, robid:  16, Runtime:         17
Funct:     5, robid:  17, Runtime:         32
Funct:     5, robid:  17, Runtime:         33
Funct:     6, robid:  16, Runtime:         85
Funct:     3, robid:  32, Runtime:         23
Funct:     2, robid:   0, Runtime:        113
Funct:     6, robid:  16, Runtime:         17
Funct:     4, robid:  17, Runtime:         32
Funct:     6, robid:  16, Runtime:         17
Funct:     5, robid:  17, Runtime:         32
Funct:     6, robid:  16, Runtime:         17
Funct:     5, robid:  17, Runtime:         32
Funct:     5, robid:  17, Runtime:         33
Funct:     6, robid:  16, Runtime:         85
Funct:     3, robid:  32, Runtime:         23
Funct:     6, robid:  16, Runtime:         17
Funct:     4, robid:  17, Runtime:         32
Funct:     6, robid:  16, Runtime:         17
Funct:     5, robid:  17, Runtime:         32
Funct:     6, robid:  16, Runtime:         17
Funct:     5, robid:  17, Runtime:         32
Funct:     5, robid:  17, Runtime:         33
Funct:     6, robid:  16, Runtime:         85
Funct:     3, robid:  32, Runtime:         23
Funct:     6, robid:  16, Runtime:         17
Funct:     4, robid:  17, Runtime:         32
Funct:     6, robid:  16, Runtime:         17
Funct:     5, robid:  17, Runtime:         32
Funct:     6, robid:  16, Runtime:         17
Funct:     5, robid:  17, Runtime:         32
Funct:     5, robid:  17, Runtime:         33
Funct:     6, robid:  16, Runtime:         85
Funct:     3, robid:  32, Runtime:         23
Funct:     6, robid:  16, Runtime:         17
Funct:     4, robid:  17, Runtime:         32
Funct:     6, robid:  16, Runtime:         17
Funct:     5, robid:  17, Runtime:         32
Funct:     6, robid:  16, Runtime:         17
Funct:     5, robid:  17, Runtime:         32
Funct:     5, robid:  17, Runtime:         33
Funct:     6, robid:  16, Runtime:         85
Funct:     3, robid:  32, Runtime:         23
Funct:     2, robid:   0, Runtime:        101
Funct:     6, robid:  16, Runtime:         17
Funct:     4, robid:  17, Runtime:         32
Funct:     6, robid:  16, Runtime:         17
Funct:     5, robid:  17, Runtime:         32
Funct:     6, robid:  16, Runtime:         17
Funct:     5, robid:  17, Runtime:         32
Funct:     5, robid:  17, Runtime:         33
Funct:     6, robid:  16, Runtime:         85
Funct:     3, robid:  32, Runtime:         23
Funct:     6, robid:  16, Runtime:         17
Funct:     4, robid:  17, Runtime:         32
Funct:     6, robid:  16, Runtime:         17
Funct:     5, robid:  17, Runtime:         32
Funct:     6, robid:  16, Runtime:         17
Funct:     5, robid:  17, Runtime:         32
Funct:     5, robid:  17, Runtime:         33
Funct:     6, robid:  16, Runtime:         85
Funct:     3, robid:  32, Runtime:         23
Funct:     6, robid:  16, Runtime:         17
Funct:     4, robid:  17, Runtime:         32
Funct:     6, robid:  16, Runtime:         17
Funct:     5, robid:  17, Runtime:         32
Funct:     6, robid:  16, Runtime:         17
Funct:     5, robid:  17, Runtime:         32
Funct:     5, robid:  17, Runtime:         33
Funct:     6, robid:  16, Runtime:         85
Funct:     3, robid:  32, Runtime:         23
Funct:     6, robid:  16, Runtime:         17
Funct:     4, robid:  17, Runtime:         32
Funct:     6, robid:  16, Runtime:         17
Funct:     5, robid:  17, Runtime:         32
Funct:     6, robid:  16, Runtime:         17
Funct:     5, robid:  17, Runtime:         32
Funct:     5, robid:  17, Runtime:         33
Funct:     6, robid:  16, Runtime:         85
Funct:     3, robid:  32, Runtime:         23
Funct:     2, robid:   0, Runtime:        106
Funct:     6, robid:  16, Runtime:         17
Funct:     4, robid:  17, Runtime:         32
Funct:     6, robid:  16, Runtime:         17
Funct:     5, robid:  17, Runtime:         32
Funct:     6, robid:  16, Runtime:         17
Funct:     5, robid:  17, Runtime:         32
Funct:     5, robid:  17, Runtime:         33
Funct:     6, robid:  16, Runtime:         85
Funct:     3, robid:  32, Runtime:         23
Funct:     6, robid:  16, Runtime:         17
Funct:     4, robid:  17, Runtime:         32
Funct:     6, robid:  16, Runtime:         17
Funct:     5, robid:  17, Runtime:         32
Funct:     6, robid:  16, Runtime:         17
Funct:     5, robid:  17, Runtime:         32
Funct:     5, robid:  17, Runtime:         33
Funct:     6, robid:  16, Runtime:         85
Funct:     3, robid:  32, Runtime:         23
Funct:     6, robid:  16, Runtime:         17
Funct:     4, robid:  17, Runtime:         32
Funct:     6, robid:  16, Runtime:         17
Funct:     5, robid:  17, Runtime:         32
Funct:     6, robid:  16, Runtime:         17
Funct:     5, robid:  17, Runtime:         32
Funct:     5, robid:  17, Runtime:         33
Funct:     6, robid:  16, Runtime:         85
Funct:     3, robid:  32, Runtime:         23
Funct:     6, robid:  16, Runtime:         17
Funct:     4, robid:  17, Runtime:         32
Funct:     6, robid:  16, Runtime:         17
Funct:     5, robid:  17, Runtime:         32
Funct:     6, robid:  16, Runtime:         17
Funct:     5, robid:  17, Runtime:         32
Funct:     5, robid:  17, Runtime:         33
Funct:     6, robid:  16, Runtime:         85
Funct:     3, robid:  32, Runtime:         23
Funct:     2, robid:   0, Runtime:        106
Funct:     6, robid:  16, Runtime:         17
Funct:     4, robid:  17, Runtime:         32
Funct:     6, robid:  16, Runtime:         17
Funct:     5, robid:  17, Runtime:         32
Funct:     6, robid:  16, Runtime:         17
Funct:     5, robid:  17, Runtime:         32
Funct:     5, robid:  17, Runtime:         33
Funct:     6, robid:  16, Runtime:         85
Funct:     3, robid:  32, Runtime:         23
Funct:     6, robid:  16, Runtime:         17
Funct:     4, robid:  17, Runtime:         32
Funct:     6, robid:  16, Runtime:         17
Funct:     5, robid:  17, Runtime:         32
Funct:     6, robid:  16, Runtime:         17
Funct:     5, robid:  17, Runtime:         32
Funct:     5, robid:  17, Runtime:         33
Funct:     6, robid:  16, Runtime:         85
Funct:     3, robid:  32, Runtime:         23
Funct:     6, robid:  16, Runtime:         17
Funct:     4, robid:  17, Runtime:         32
Funct:     6, robid:  16, Runtime:         17
Funct:     5, robid:  17, Runtime:         32
Funct:     6, robid:  16, Runtime:         17
Funct:     5, robid:  17, Runtime:         32
Funct:     5, robid:  17, Runtime:         33
Funct:     6, robid:  16, Runtime:         85
Funct:     3, robid:  32, Runtime:         23
Funct:     6, robid:  16, Runtime:         17
Funct:     4, robid:  17, Runtime:         32
Funct:     6, robid:  16, Runtime:         17
Funct:     5, robid:  17, Runtime:         32
Funct:     6, robid:  16, Runtime:         17
Funct:     5, robid:  17, Runtime:         32
Funct:     5, robid:  17, Runtime:         33
Funct:     6, robid:  16, Runtime:         85
Funct:     3, robid:  32, Runtime:         23
